[debug] [2023-09-30T15:38:17.713Z] ----------------------------------------------------------------------
[debug] [2023-09-30T15:38:17.716Z] Command:       D:\Program Files\nodejs\node.exe C:\Users\Rikcy Shanusi\AppData\Roaming\npm\node_modules\firebase-tools\lib\bin\firebase.js login
[debug] [2023-09-30T15:38:17.716Z] CLI Version:   12.6.1
[debug] [2023-09-30T15:38:17.717Z] Platform:      win32
[debug] [2023-09-30T15:38:17.717Z] Node Version:  v18.16.1
[debug] [2023-09-30T15:38:17.719Z] Time:          Sat Sep 30 2023 23:38:17 GMT+0800 (Central Indonesia Time)
[debug] [2023-09-30T15:38:17.720Z] ----------------------------------------------------------------------
[debug] 
[info] i  Firebase optionally collects CLI and Emulator Suite usage and error reporting information to help improve our products. Data is collected in accordance with Google's privacy policy (https://policies.google.com/privacy) and is not used to identify you.
 
[info] i  To change your data collection preference at any time, run `firebase logout` and log in again. 
[info] 
[info] Visit this URL on this device to log in:
[info] https://accounts.google.com/o/oauth2/auth?client_id=563584335869-fgrhgmd47bqnekij5i8b5pr03ho849e6.apps.googleusercontent.com&scope=email%20openid%20https%3A%2F%2Fwww.googleapis.com%2Fauth%2Fcloudplatformprojects.readonly%20https%3A%2F%2Fwww.googleapis.com%2Fauth%2Ffirebase%20https%3A%2F%2Fwww.googleapis.com%2Fauth%2Fcloud-platform&response_type=code&state=821791503&redirect_uri=http%3A%2F%2Flocalhost%3A9005
[info] 
[info] Waiting for authentication...
[debug] [2023-09-30T15:38:23.991Z] Error: spawn cmd ENOENT
    at ChildProcess._handle.onexit (node:internal/child_process:283:19)
    at onErrorNT (node:internal/child_process:476:16)
    at process.processTicksAndRejections (node:internal/process/task_queues:82:21)
[error] 
[error] Error: An unexpected error has occurred.
